<?xml version="1.0" encoding="utf-8"?><testsuites><testsuite name="pytest" errors="1" failures="0" skipped="0" tests="1" time="0.370" timestamp="2024-08-08T10:13:19.404903" hostname="AP-gFSNObau0HZh"><testcase classname="" name="pps_track_test_gamma1_clinic" time="0.000"><error message="collection failure">..\..\..\AppData\Local\Programs\Python\Python310-32\lib\site-packages\_pytest\python.py:520: in importtestmodule
    mod = import_path(
..\..\..\AppData\Local\Programs\Python\Python310-32\lib\site-packages\_pytest\pathlib.py:584: in import_path
    importlib.import_module(module_name)
..\..\..\AppData\Local\Programs\Python\Python310-32\lib\importlib\__init__.py:126: in import_module
    return _bootstrap._gcd_import(name[level:], package, level)
&lt;frozen importlib._bootstrap&gt;:1050: in _gcd_import
    ???
&lt;frozen importlib._bootstrap&gt;:1027: in _find_and_load
    ???
&lt;frozen importlib._bootstrap&gt;:1006: in _find_and_load_unlocked
    ???
&lt;frozen importlib._bootstrap&gt;:688: in _load_unlocked
    ???
..\..\..\AppData\Local\Programs\Python\Python310-32\lib\site-packages\_pytest\assertion\rewrite.py:169: in exec_module
    source_stat, co = _rewrite_test(fn, self.config)
..\..\..\AppData\Local\Programs\Python\Python310-32\lib\site-packages\_pytest\assertion\rewrite.py:351: in _rewrite_test
    tree = ast.parse(source, filename=strfn)
..\..\..\AppData\Local\Programs\Python\Python310-32\lib\ast.py:50: in parse
    return compile(source, filename, mode, flags,
E     File "C:\Users\yhee11273\Desktop\pysrc_mutil_thread_posmove\track_test_position\pps_track_test_gamma1_clinic.py", line 141
E       logging.info(f"@@@@@@@@@@@@@@@@@@@@@@@@@@@@@@@@@@@@@@@@@@@@@@@@@@@@@@@@@@@@@@@@@@@@@@@@@@@@@@@@@@@@@@@@@@@@@@@@@@@@@@@@@@@@@@@@@@@@@@@@@@@@@@@@@@@")
E   IndentationError: unexpected indent</error></testcase></testsuite></testsuites>